# JRE version: OpenJDK Runtime Environment (8.0_302-b08) (build 1.8.0_302-b08)
# Java VM: OpenJDK 64-Bit Server VM (25.302-b08 mixed mode windows-amd64 compressed oops)
Heap:
 PSYoungGen      total 71680K, used 2707K [0x00000000d5a00000, 0x00000000dfa00000, 0x0000000100000000)
  eden space 66560K, 4% used [0x00000000d5a00000,0x00000000d5ca4dc8,0x00000000d9b00000)
  from space 5120K, 0% used [0x00000000d9b00000,0x00000000d9b00000,0x00000000da000000)
  to   space 15360K, 0% used [0x00000000deb00000,0x00000000deb00000,0x00000000dfa00000)
 ParOldGen       total 83968K, used 20404K [0x0000000080e00000, 0x0000000086000000, 0x00000000d5a00000)
  object space 83968K, 24% used [0x0000000080e00000,0x00000000821ed308,0x0000000086000000)
 Metaspace       used 21349K, capacity 21656K, committed 21760K, reserved 1069056K
  class space    used 2699K, capacity 2768K, committed 2816K, reserved 1048576K
GC Heap History (10 events):
Event: 0.975 GC heap before
{Heap before GC invocations=2 (full 0):
 PSYoungGen      total 38400K, used 38392K [0x00000000d5a00000, 0x00000000d8480000, 0x0000000100000000)
  eden space 33280K, 100% used [0x00000000d5a00000,0x00000000d7a80000,0x00000000d7a80000)
  from space 5120K, 99% used [0x00000000d7a80000,0x00000000d7f7e398,0x00000000d7f80000)
  to   space 5120K, 0% used [0x00000000d7f80000,0x00000000d7f80000,0x00000000d8480000)
 ParOldGen       total 87552K, used 1744K [0x0000000080e00000, 0x0000000086380000, 0x00000000d5a00000)
  object space 87552K, 1% used [0x0000000080e00000,0x0000000080fb4260,0x0000000086380000)
 Metaspace       used 8689K, capacity 8744K, committed 8832K, reserved 1056768K
  class space    used 1041K, capacity 1076K, committed 1152K, reserved 1048576K
Event: 0.985 GC heap after
Heap after GC invocations=2 (full 0):
 PSYoungGen      total 38400K, used 5090K [0x00000000d5a00000, 0x00000000da500000, 0x0000000100000000)
  eden space 33280K, 0% used [0x00000000d5a00000,0x00000000d5a00000,0x00000000d7a80000)
  from space 5120K, 99% used [0x00000000d7f80000,0x00000000d8478b80,0x00000000d8480000)
  to   space 5120K, 0% used [0x00000000d7a80000,0x00000000d7a80000,0x00000000d7f80000)
 ParOldGen       total 87552K, used 12571K [0x0000000080e00000, 0x0000000086380000, 0x00000000d5a00000)
  object space 87552K, 14% used [0x0000000080e00000,0x0000000081a46f98,0x0000000086380000)
 Metaspace       used 8689K, capacity 8744K, committed 8832K, reserved 1056768K
  class space    used 1041K, capacity 1076K, committed 1152K, reserved 1048576K
}
Event: 1.402 GC heap before
{Heap before GC invocations=3 (full 0):
 PSYoungGen      total 38400K, used 38370K [0x00000000d5a00000, 0x00000000da500000, 0x0000000100000000)
  eden space 33280K, 100% used [0x00000000d5a00000,0x00000000d7a80000,0x00000000d7a80000)
  from space 5120K, 99% used [0x00000000d7f80000,0x00000000d8478b80,0x00000000d8480000)
  to   space 5120K, 0% used [0x00000000d7a80000,0x00000000d7a80000,0x00000000d7f80000)
 ParOldGen       total 87552K, used 12571K [0x0000000080e00000, 0x0000000086380000, 0x00000000d5a00000)
  object space 87552K, 14% used [0x0000000080e00000,0x0000000081a46f98,0x0000000086380000)
 Metaspace       used 12098K, capacity 12180K, committed 12416K, reserved 1060864K
  class space    used 1520K, capacity 1558K, committed 1664K, reserved 1048576K
Event: 1.411 GC heap after
Heap after GC invocations=3 (full 0):
 PSYoungGen      total 38400K, used 5111K [0x00000000d5a00000, 0x00000000da500000, 0x0000000100000000)
  eden space 33280K, 0% used [0x00000000d5a00000,0x00000000d5a00000,0x00000000d7a80000)
  from space 5120K, 99% used [0x00000000d7a80000,0x00000000d7f7dd10,0x00000000d7f80000)
  to   space 5120K, 0% used [0x00000000da000000,0x00000000da000000,0x00000000da500000)
 ParOldGen       total 87552K, used 20093K [0x0000000080e00000, 0x0000000086380000, 0x00000000d5a00000)
  object space 87552K, 22% used [0x0000000080e00000,0x000000008219f570,0x0000000086380000)
 Metaspace       used 12098K, capacity 12180K, committed 12416K, reserved 1060864K
  class space    used 1520K, capacity 1558K, committed 1664K, reserved 1048576K
}
Event: 1.972 GC heap before
{Heap before GC invocations=4 (full 0):
 PSYoungGen      total 38400K, used 38391K [0x00000000d5a00000, 0x00000000da500000, 0x0000000100000000)
  eden space 33280K, 100% used [0x00000000d5a00000,0x00000000d7a80000,0x00000000d7a80000)
  from space 5120K, 99% used [0x00000000d7a80000,0x00000000d7f7dd10,0x00000000d7f80000)
  to   space 5120K, 0% used [0x00000000da000000,0x00000000da000000,0x00000000da500000)
 ParOldGen       total 87552K, used 20093K [0x0000000080e00000, 0x0000000086380000, 0x00000000d5a00000)
  object space 87552K, 22% used [0x0000000080e00000,0x000000008219f570,0x0000000086380000)
 Metaspace       used 16312K, capacity 16458K, committed 16512K, reserved 1062912K
  class space    used 2115K, capacity 2143K, committed 2176K, reserved 1048576K
Event: 1.983 GC heap after
Heap after GC invocations=4 (full 0):
 PSYoungGen      total 71680K, used 5088K [0x00000000d5a00000, 0x00000000da500000, 0x0000000100000000)
  eden space 66560K, 0% used [0x00000000d5a00000,0x00000000d5a00000,0x00000000d9b00000)
  from space 5120K, 99% used [0x00000000da000000,0x00000000da4f8020,0x00000000da500000)
  to   space 5120K, 0% used [0x00000000d9b00000,0x00000000d9b00000,0x00000000da000000)
 ParOldGen       total 87552K, used 26615K [0x0000000080e00000, 0x0000000086380000, 0x00000000d5a00000)
  object space 87552K, 30% used [0x0000000080e00000,0x00000000827fdde8,0x0000000086380000)
 Metaspace       used 16312K, capacity 16458K, committed 16512K, reserved 1062912K
  class space    used 2115K, capacity 2143K, committed 2176K, reserved 1048576K
}
Event: 3.146 GC heap before
{Heap before GC invocations=5 (full 0):
 PSYoungGen      total 71680K, used 58858K [0x00000000d5a00000, 0x00000000da500000, 0x0000000100000000)
  eden space 66560K, 80% used [0x00000000d5a00000,0x00000000d8e829b0,0x00000000d9b00000)
  from space 5120K, 99% used [0x00000000da000000,0x00000000da4f8020,0x00000000da500000)
  to   space 5120K, 0% used [0x00000000d9b00000,0x00000000d9b00000,0x00000000da000000)
 ParOldGen       total 87552K, used 26615K [0x0000000080e00000, 0x0000000086380000, 0x00000000d5a00000)
  object space 87552K, 30% used [0x0000000080e00000,0x00000000827fdde8,0x0000000086380000)
 Metaspace       used 20859K, capacity 21080K, committed 21248K, reserved 1067008K
  class space    used 2635K, capacity 2704K, committed 2816K, reserved 1048576K
Event: 3.168 GC heap after
Heap after GC invocations=5 (full 0):
 PSYoungGen      total 71680K, used 5104K [0x00000000d5a00000, 0x00000000dfa00000, 0x0000000100000000)
  eden space 66560K, 0% used [0x00000000d5a00000,0x00000000d5a00000,0x00000000d9b00000)
  from space 5120K, 99% used [0x00000000d9b00000,0x00000000d9ffc020,0x00000000da000000)
  to   space 15360K, 0% used [0x00000000deb00000,0x00000000deb00000,0x00000000dfa00000)
 ParOldGen       total 87552K, used 32671K [0x0000000080e00000, 0x0000000086380000, 0x00000000d5a00000)
  object space 87552K, 37% used [0x0000000080e00000,0x0000000082de7db8,0x0000000086380000)
 Metaspace       used 20859K, capacity 21080K, committed 21248K, reserved 1067008K
  class space    used 2635K, capacity 2704K, committed 2816K, reserved 1048576K
}
Event: 3.168 GC heap before
{Heap before GC invocations=6 (full 1):
 PSYoungGen      total 71680K, used 5104K [0x00000000d5a00000, 0x00000000dfa00000, 0x0000000100000000)
  eden space 66560K, 0% used [0x00000000d5a00000,0x00000000d5a00000,0x00000000d9b00000)
  from space 5120K, 99% used [0x00000000d9b00000,0x00000000d9ffc020,0x00000000da000000)
  to   space 15360K, 0% used [0x00000000deb00000,0x00000000deb00000,0x00000000dfa00000)
 ParOldGen       total 87552K, used 32671K [0x0000000080e00000, 0x0000000086380000, 0x00000000d5a00000)
  object space 87552K, 37% used [0x0000000080e00000,0x0000000082de7db8,0x0000000086380000)
 Metaspace       used 20859K, capacity 21080K, committed 21248K, reserved 1067008K
  class space    used 2635K, capacity 2704K, committed 2816K, reserved 1048576K
Event: 3.255 GC heap after
Heap after GC invocations=6 (full 1):
 PSYoungGen      total 71680K, used 0K [0x00000000d5a00000, 0x00000000dfa00000, 0x0000000100000000)
  eden space 66560K, 0% used [0x00000000d5a00000,0x00000000d5a00000,0x00000000d9b00000)
  from space 5120K, 0% used [0x00000000d9b00000,0x00000000d9b00000,0x00000000da000000)
  to   space 15360K, 0% used [0x00000000deb00000,0x00000000deb00000,0x00000000dfa00000)
 ParOldGen       total 83968K, used 20404K [0x0000000080e00000, 0x0000000086000000, 0x00000000d5a00000)
  object space 83968K, 24% used [0x0000000080e00000,0x00000000821ed308,0x0000000086000000)
 Metaspace       used 20859K, capacity 21080K, committed 21248K, reserved 1067008K
  class space    used 2635K, capacity 2704K, committed 2816K, reserved 1048576K
}

