# JRE version: OpenJDK Runtime Environment (8.0_302-b08) (build 1.8.0_302-b08)
# Java VM: OpenJDK 64-Bit Server VM (25.302-b08 mixed mode windows-amd64 compressed oops)
Heap:
 PSYoungGen      total 71680K, used 2728K [0x00000000d5a00000, 0x00000000df900000, 0x0000000100000000)
  eden space 66560K, 4% used [0x00000000d5a00000,0x00000000d5caa3e0,0x00000000d9b00000)
  from space 5120K, 0% used [0x00000000d9b00000,0x00000000d9b00000,0x00000000da000000)
  to   space 14848K, 0% used [0x00000000dea80000,0x00000000dea80000,0x00000000df900000)
 ParOldGen       total 89088K, used 26622K [0x0000000080e00000, 0x0000000086500000, 0x00000000d5a00000)
  object space 89088K, 29% used [0x0000000080e00000,0x00000000827ffa00,0x0000000086500000)
 Metaspace       used 21295K, capacity 21604K, committed 21760K, reserved 1069056K
  class space    used 2690K, capacity 2786K, committed 2816K, reserved 1048576K
GC Heap History (10 events):
Event: 0.898 GC heap before
{Heap before GC invocations=2 (full 0):
 PSYoungGen      total 38400K, used 38368K [0x00000000d5a00000, 0x00000000d8480000, 0x0000000100000000)
  eden space 33280K, 100% used [0x00000000d5a00000,0x00000000d7a80000,0x00000000d7a80000)
  from space 5120K, 99% used [0x00000000d7a80000,0x00000000d7f78018,0x00000000d7f80000)
  to   space 5120K, 0% used [0x00000000d7f80000,0x00000000d7f80000,0x00000000d8480000)
 ParOldGen       total 87552K, used 1794K [0x0000000080e00000, 0x0000000086380000, 0x00000000d5a00000)
  object space 87552K, 2% used [0x0000000080e00000,0x0000000080fc0b90,0x0000000086380000)
 Metaspace       used 8683K, capacity 8744K, committed 8832K, reserved 1056768K
  class space    used 1046K, capacity 1076K, committed 1152K, reserved 1048576K
Event: 0.908 GC heap after
Heap after GC invocations=2 (full 0):
 PSYoungGen      total 38400K, used 5106K [0x00000000d5a00000, 0x00000000da500000, 0x0000000100000000)
  eden space 33280K, 0% used [0x00000000d5a00000,0x00000000d5a00000,0x00000000d7a80000)
  from space 5120K, 99% used [0x00000000d7f80000,0x00000000d847cb90,0x00000000d8480000)
  to   space 5120K, 0% used [0x00000000d7a80000,0x00000000d7a80000,0x00000000d7f80000)
 ParOldGen       total 87552K, used 11488K [0x0000000080e00000, 0x0000000086380000, 0x00000000d5a00000)
  object space 87552K, 13% used [0x0000000080e00000,0x00000000819381a0,0x0000000086380000)
 Metaspace       used 8683K, capacity 8744K, committed 8832K, reserved 1056768K
  class space    used 1046K, capacity 1076K, committed 1152K, reserved 1048576K
}
Event: 1.238 GC heap before
{Heap before GC invocations=3 (full 0):
 PSYoungGen      total 38400K, used 38386K [0x00000000d5a00000, 0x00000000da500000, 0x0000000100000000)
  eden space 33280K, 100% used [0x00000000d5a00000,0x00000000d7a80000,0x00000000d7a80000)
  from space 5120K, 99% used [0x00000000d7f80000,0x00000000d847cb90,0x00000000d8480000)
  to   space 5120K, 0% used [0x00000000d7a80000,0x00000000d7a80000,0x00000000d7f80000)
 ParOldGen       total 87552K, used 11488K [0x0000000080e00000, 0x0000000086380000, 0x00000000d5a00000)
  object space 87552K, 13% used [0x0000000080e00000,0x00000000819381a0,0x0000000086380000)
 Metaspace       used 12100K, capacity 12180K, committed 12416K, reserved 1060864K
  class space    used 1522K, capacity 1558K, committed 1664K, reserved 1048576K
Event: 1.246 GC heap after
Heap after GC invocations=3 (full 0):
 PSYoungGen      total 38400K, used 5108K [0x00000000d5a00000, 0x00000000da500000, 0x0000000100000000)
  eden space 33280K, 0% used [0x00000000d5a00000,0x00000000d5a00000,0x00000000d7a80000)
  from space 5120K, 99% used [0x00000000d7a80000,0x00000000d7f7d1d0,0x00000000d7f80000)
  to   space 5120K, 0% used [0x00000000da000000,0x00000000da000000,0x00000000da500000)
 ParOldGen       total 87552K, used 19031K [0x0000000080e00000, 0x0000000086380000, 0x00000000d5a00000)
  object space 87552K, 21% used [0x0000000080e00000,0x0000000082095fe8,0x0000000086380000)
 Metaspace       used 12100K, capacity 12180K, committed 12416K, reserved 1060864K
  class space    used 1522K, capacity 1558K, committed 1664K, reserved 1048576K
}
Event: 1.705 GC heap before
{Heap before GC invocations=4 (full 0):
 PSYoungGen      total 38400K, used 38388K [0x00000000d5a00000, 0x00000000da500000, 0x0000000100000000)
  eden space 33280K, 100% used [0x00000000d5a00000,0x00000000d7a80000,0x00000000d7a80000)
  from space 5120K, 99% used [0x00000000d7a80000,0x00000000d7f7d1d0,0x00000000d7f80000)
  to   space 5120K, 0% used [0x00000000da000000,0x00000000da000000,0x00000000da500000)
 ParOldGen       total 87552K, used 19031K [0x0000000080e00000, 0x0000000086380000, 0x00000000d5a00000)
  object space 87552K, 21% used [0x0000000080e00000,0x0000000082095fe8,0x0000000086380000)
 Metaspace       used 16317K, capacity 16458K, committed 16512K, reserved 1062912K
  class space    used 2115K, capacity 2143K, committed 2176K, reserved 1048576K
Event: 1.714 GC heap after
Heap after GC invocations=4 (full 0):
 PSYoungGen      total 71680K, used 5088K [0x00000000d5a00000, 0x00000000da500000, 0x0000000100000000)
  eden space 66560K, 0% used [0x00000000d5a00000,0x00000000d5a00000,0x00000000d9b00000)
  from space 5120K, 99% used [0x00000000da000000,0x00000000da4f8030,0x00000000da500000)
  to   space 5120K, 0% used [0x00000000d9b00000,0x00000000d9b00000,0x00000000da000000)
 ParOldGen       total 87552K, used 25545K [0x0000000080e00000, 0x0000000086380000, 0x00000000d5a00000)
  object space 87552K, 29% used [0x0000000080e00000,0x00000000826f2690,0x0000000086380000)
 Metaspace       used 16317K, capacity 16458K, committed 16512K, reserved 1062912K
  class space    used 2115K, capacity 2143K, committed 2176K, reserved 1048576K
}
Event: 2.816 GC heap before
{Heap before GC invocations=5 (full 0):
 PSYoungGen      total 71680K, used 62116K [0x00000000d5a00000, 0x00000000da500000, 0x0000000100000000)
  eden space 66560K, 85% used [0x00000000d5a00000,0x00000000d91b10c8,0x00000000d9b00000)
  from space 5120K, 99% used [0x00000000da000000,0x00000000da4f8030,0x00000000da500000)
  to   space 5120K, 0% used [0x00000000d9b00000,0x00000000d9b00000,0x00000000da000000)
 ParOldGen       total 87552K, used 25545K [0x0000000080e00000, 0x0000000086380000, 0x00000000d5a00000)
  object space 87552K, 29% used [0x0000000080e00000,0x00000000826f2690,0x0000000086380000)
 Metaspace       used 20837K, capacity 21060K, committed 21248K, reserved 1067008K
  class space    used 2627K, capacity 2690K, committed 2816K, reserved 1048576K
Event: 2.831 GC heap after
Heap after GC invocations=5 (full 0):
 PSYoungGen      total 71680K, used 5104K [0x00000000d5a00000, 0x00000000df900000, 0x0000000100000000)
  eden space 66560K, 0% used [0x00000000d5a00000,0x00000000d5a00000,0x00000000d9b00000)
  from space 5120K, 99% used [0x00000000d9b00000,0x00000000d9ffc030,0x00000000da000000)
  to   space 14848K, 0% used [0x00000000dea80000,0x00000000dea80000,0x00000000df900000)
 ParOldGen       total 87552K, used 31256K [0x0000000080e00000, 0x0000000086380000, 0x00000000d5a00000)
  object space 87552K, 35% used [0x0000000080e00000,0x0000000082c86338,0x0000000086380000)
 Metaspace       used 20837K, capacity 21060K, committed 21248K, reserved 1067008K
  class space    used 2627K, capacity 2690K, committed 2816K, reserved 1048576K
}
Event: 2.831 GC heap before
{Heap before GC invocations=6 (full 1):
 PSYoungGen      total 71680K, used 5104K [0x00000000d5a00000, 0x00000000df900000, 0x0000000100000000)
  eden space 66560K, 0% used [0x00000000d5a00000,0x00000000d5a00000,0x00000000d9b00000)
  from space 5120K, 99% used [0x00000000d9b00000,0x00000000d9ffc030,0x00000000da000000)
  to   space 14848K, 0% used [0x00000000dea80000,0x00000000dea80000,0x00000000df900000)
 ParOldGen       total 87552K, used 31256K [0x0000000080e00000, 0x0000000086380000, 0x00000000d5a00000)
  object space 87552K, 35% used [0x0000000080e00000,0x0000000082c86338,0x0000000086380000)
 Metaspace       used 20837K, capacity 21060K, committed 21248K, reserved 1067008K
  class space    used 2627K, capacity 2690K, committed 2816K, reserved 1048576K
Event: 2.899 GC heap after
Heap after GC invocations=6 (full 1):
 PSYoungGen      total 71680K, used 0K [0x00000000d5a00000, 0x00000000df900000, 0x0000000100000000)
  eden space 66560K, 0% used [0x00000000d5a00000,0x00000000d5a00000,0x00000000d9b00000)
  from space 5120K, 0% used [0x00000000d9b00000,0x00000000d9b00000,0x00000000da000000)
  to   space 14848K, 0% used [0x00000000dea80000,0x00000000dea80000,0x00000000df900000)
 ParOldGen       total 89088K, used 26622K [0x0000000080e00000, 0x0000000086500000, 0x00000000d5a00000)
  object space 89088K, 29% used [0x0000000080e00000,0x00000000827ffa00,0x0000000086500000)
 Metaspace       used 20837K, capacity 21060K, committed 21248K, reserved 1067008K
  class space    used 2627K, capacity 2690K, committed 2816K, reserved 1048576K
}

