# JRE version: OpenJDK Runtime Environment (8.0_302-b08) (build 1.8.0_302-b08)
# Java VM: OpenJDK 64-Bit Server VM (25.302-b08 mixed mode windows-amd64 compressed oops)
Heap:
 PSYoungGen      total 138240K, used 2954K [0x00000000d5a00000, 0x00000000de600000, 0x0000000100000000)
  eden space 133120K, 2% used [0x00000000d5a00000,0x00000000d5ce2aa0,0x00000000ddc00000)
  from space 5120K, 0% used [0x00000000de100000,0x00000000de100000,0x00000000de600000)
  to   space 5120K, 0% used [0x00000000ddc00000,0x00000000ddc00000,0x00000000de100000)
 ParOldGen       total 96256K, used 27032K [0x0000000080e00000, 0x0000000086c00000, 0x00000000d5a00000)
  object space 96256K, 28% used [0x0000000080e00000,0x00000000828662c8,0x0000000086c00000)
 Metaspace       used 21269K, capacity 21592K, committed 21760K, reserved 1069056K
  class space    used 2693K, capacity 2768K, committed 2816K, reserved 1048576K
GC Heap History (10 events):
Event: 0.523 GC heap before
{Heap before GC invocations=1 (full 0):
 PSYoungGen      total 38400K, used 33280K [0x00000000d5a00000, 0x00000000d8480000, 0x0000000100000000)
  eden space 33280K, 100% used [0x00000000d5a00000,0x00000000d7a80000,0x00000000d7a80000)
  from space 5120K, 0% used [0x00000000d7f80000,0x00000000d7f80000,0x00000000d8480000)
  to   space 5120K, 0% used [0x00000000d7a80000,0x00000000d7a80000,0x00000000d7f80000)
 ParOldGen       total 87552K, used 0K [0x0000000080e00000, 0x0000000086380000, 0x00000000d5a00000)
  object space 87552K, 0% used [0x0000000080e00000,0x0000000080e00000,0x0000000086380000)
 Metaspace       used 5722K, capacity 5826K, committed 6144K, reserved 1056768K
  class space    used 623K, capacity 659K, committed 768K, reserved 1048576K
Event: 0.529 GC heap after
Heap after GC invocations=1 (full 0):
 PSYoungGen      total 38400K, used 5117K [0x00000000d5a00000, 0x00000000da500000, 0x0000000100000000)
  eden space 33280K, 0% used [0x00000000d5a00000,0x00000000d5a00000,0x00000000d7a80000)
  from space 5120K, 99% used [0x00000000d7a80000,0x00000000d7f7f4a8,0x00000000d7f80000)
  to   space 5120K, 0% used [0x00000000da000000,0x00000000da000000,0x00000000da500000)
 ParOldGen       total 87552K, used 1791K [0x0000000080e00000, 0x0000000086380000, 0x00000000d5a00000)
  object space 87552K, 2% used [0x0000000080e00000,0x0000000080fbfdd0,0x0000000086380000)
 Metaspace       used 5722K, capacity 5826K, committed 6144K, reserved 1056768K
  class space    used 623K, capacity 659K, committed 768K, reserved 1048576K
}
Event: 0.875 GC heap before
{Heap before GC invocations=2 (full 0):
 PSYoungGen      total 38400K, used 38397K [0x00000000d5a00000, 0x00000000da500000, 0x0000000100000000)
  eden space 33280K, 100% used [0x00000000d5a00000,0x00000000d7a80000,0x00000000d7a80000)
  from space 5120K, 99% used [0x00000000d7a80000,0x00000000d7f7f4a8,0x00000000d7f80000)
  to   space 5120K, 0% used [0x00000000da000000,0x00000000da000000,0x00000000da500000)
 ParOldGen       total 87552K, used 1791K [0x0000000080e00000, 0x0000000086380000, 0x00000000d5a00000)
  object space 87552K, 2% used [0x0000000080e00000,0x0000000080fbfdd0,0x0000000086380000)
 Metaspace       used 8689K, capacity 8744K, committed 8832K, reserved 1056768K
  class space    used 1041K, capacity 1076K, committed 1152K, reserved 1048576K
Event: 0.884 GC heap after
Heap after GC invocations=2 (full 0):
 PSYoungGen      total 71680K, used 5090K [0x00000000d5a00000, 0x00000000da500000, 0x0000000100000000)
  eden space 66560K, 0% used [0x00000000d5a00000,0x00000000d5a00000,0x00000000d9b00000)
  from space 5120K, 99% used [0x00000000da000000,0x00000000da4f8b90,0x00000000da500000)
  to   space 5120K, 0% used [0x00000000d9b00000,0x00000000d9b00000,0x00000000da000000)
 ParOldGen       total 87552K, used 11500K [0x0000000080e00000, 0x0000000086380000, 0x00000000d5a00000)
  object space 87552K, 13% used [0x0000000080e00000,0x000000008193b1f8,0x0000000086380000)
 Metaspace       used 8689K, capacity 8744K, committed 8832K, reserved 1056768K
  class space    used 1041K, capacity 1076K, committed 1152K, reserved 1048576K
}
Event: 1.585 GC heap before
{Heap before GC invocations=3 (full 0):
 PSYoungGen      total 71680K, used 71650K [0x00000000d5a00000, 0x00000000da500000, 0x0000000100000000)
  eden space 66560K, 100% used [0x00000000d5a00000,0x00000000d9b00000,0x00000000d9b00000)
  from space 5120K, 99% used [0x00000000da000000,0x00000000da4f8b90,0x00000000da500000)
  to   space 5120K, 0% used [0x00000000d9b00000,0x00000000d9b00000,0x00000000da000000)
 ParOldGen       total 87552K, used 11500K [0x0000000080e00000, 0x0000000086380000, 0x00000000d5a00000)
  object space 87552K, 13% used [0x0000000080e00000,0x000000008193b1f8,0x0000000086380000)
 Metaspace       used 15909K, capacity 16042K, committed 16256K, reserved 1062912K
  class space    used 2062K, capacity 2111K, committed 2176K, reserved 1048576K
Event: 1.596 GC heap after
Heap after GC invocations=3 (full 0):
 PSYoungGen      total 71680K, used 5116K [0x00000000d5a00000, 0x00000000de600000, 0x0000000100000000)
  eden space 66560K, 0% used [0x00000000d5a00000,0x00000000d5a00000,0x00000000d9b00000)
  from space 5120K, 99% used [0x00000000d9b00000,0x00000000d9fff1c8,0x00000000da000000)
  to   space 5120K, 0% used [0x00000000de100000,0x00000000de100000,0x00000000de600000)
 ParOldGen       total 87552K, used 23708K [0x0000000080e00000, 0x0000000086380000, 0x00000000d5a00000)
  object space 87552K, 27% used [0x0000000080e00000,0x0000000082527060,0x0000000086380000)
 Metaspace       used 15909K, capacity 16042K, committed 16256K, reserved 1062912K
  class space    used 2062K, capacity 2111K, committed 2176K, reserved 1048576K
}
Event: 2.686 GC heap before
{Heap before GC invocations=4 (full 0):
 PSYoungGen      total 71680K, used 61124K [0x00000000d5a00000, 0x00000000de600000, 0x0000000100000000)
  eden space 66560K, 84% used [0x00000000d5a00000,0x00000000d90b1e78,0x00000000d9b00000)
  from space 5120K, 99% used [0x00000000d9b00000,0x00000000d9fff1c8,0x00000000da000000)
  to   space 5120K, 0% used [0x00000000de100000,0x00000000de100000,0x00000000de600000)
 ParOldGen       total 87552K, used 23708K [0x0000000080e00000, 0x0000000086380000, 0x00000000d5a00000)
  object space 87552K, 27% used [0x0000000080e00000,0x0000000082527060,0x0000000086380000)
 Metaspace       used 20813K, capacity 21080K, committed 21248K, reserved 1067008K
  class space    used 2630K, capacity 2704K, committed 2816K, reserved 1048576K
Event: 2.703 GC heap after
Heap after GC invocations=4 (full 0):
 PSYoungGen      total 138240K, used 5088K [0x00000000d5a00000, 0x00000000de600000, 0x0000000100000000)
  eden space 133120K, 0% used [0x00000000d5a00000,0x00000000d5a00000,0x00000000ddc00000)
  from space 5120K, 99% used [0x00000000de100000,0x00000000de5f8020,0x00000000de600000)
  to   space 5120K, 0% used [0x00000000ddc00000,0x00000000ddc00000,0x00000000de100000)
 ParOldGen       total 87552K, used 30302K [0x0000000080e00000, 0x0000000086380000, 0x00000000d5a00000)
  object space 87552K, 34% used [0x0000000080e00000,0x0000000082b97bd0,0x0000000086380000)
 Metaspace       used 20813K, capacity 21080K, committed 21248K, reserved 1067008K
  class space    used 2630K, capacity 2704K, committed 2816K, reserved 1048576K
}
Event: 2.703 GC heap before
{Heap before GC invocations=5 (full 1):
 PSYoungGen      total 138240K, used 5088K [0x00000000d5a00000, 0x00000000de600000, 0x0000000100000000)
  eden space 133120K, 0% used [0x00000000d5a00000,0x00000000d5a00000,0x00000000ddc00000)
  from space 5120K, 99% used [0x00000000de100000,0x00000000de5f8020,0x00000000de600000)
  to   space 5120K, 0% used [0x00000000ddc00000,0x00000000ddc00000,0x00000000de100000)
 ParOldGen       total 87552K, used 30302K [0x0000000080e00000, 0x0000000086380000, 0x00000000d5a00000)
  object space 87552K, 34% used [0x0000000080e00000,0x0000000082b97bd0,0x0000000086380000)
 Metaspace       used 20813K, capacity 21080K, committed 21248K, reserved 1067008K
  class space    used 2630K, capacity 2704K, committed 2816K, reserved 1048576K
Event: 2.783 GC heap after
Heap after GC invocations=5 (full 1):
 PSYoungGen      total 138240K, used 0K [0x00000000d5a00000, 0x00000000de600000, 0x0000000100000000)
  eden space 133120K, 0% used [0x00000000d5a00000,0x00000000d5a00000,0x00000000ddc00000)
  from space 5120K, 0% used [0x00000000de100000,0x00000000de100000,0x00000000de600000)
  to   space 5120K, 0% used [0x00000000ddc00000,0x00000000ddc00000,0x00000000de100000)
 ParOldGen       total 96256K, used 27032K [0x0000000080e00000, 0x0000000086c00000, 0x00000000d5a00000)
  object space 96256K, 28% used [0x0000000080e00000,0x00000000828662c8,0x0000000086c00000)
 Metaspace       used 20813K, capacity 21080K, committed 21248K, reserved 1067008K
  class space    used 2630K, capacity 2704K, committed 2816K, reserved 1048576K
}

